[2022-10-09T17:55:17.097+0000] {taskinstance.py:1171} INFO - Dependencies all met for <TaskInstance: car_price_prediction.pipeline scheduled__2022-10-08T15:00:00+00:00 [None]>
[2022-10-09T17:55:17.144+0000] {taskinstance.py:1171} INFO - Dependencies all met for <TaskInstance: car_price_prediction.pipeline scheduled__2022-10-08T15:00:00+00:00 [None]>
[2022-10-09T17:55:17.144+0000] {taskinstance.py:1368} INFO - 
--------------------------------------------------------------------------------
[2022-10-09T17:55:17.145+0000] {taskinstance.py:1369} INFO - Starting attempt 1 of 2
[2022-10-09T17:55:17.145+0000] {taskinstance.py:1370} INFO - 
--------------------------------------------------------------------------------
[2022-10-09T17:55:17.182+0000] {taskinstance.py:1389} INFO - Executing <Task(PythonOperator): pipeline> on 2022-10-08 15:00:00+00:00
[2022-10-09T17:55:17.193+0000] {standard_task_runner.py:52} INFO - Started process 219 to run task
[2022-10-09T17:55:17.218+0000] {standard_task_runner.py:79} INFO - Running: ['***', 'tasks', 'run', 'car_price_prediction', 'pipeline', 'scheduled__2022-10-08T15:00:00+00:00', '--job-id', '238', '--raw', '--subdir', 'DAGS_FOLDER/hw_dag.py', '--cfg-path', '/tmp/tmpelhqh987', '--error-file', '/tmp/tmppxws8rd5']
[2022-10-09T17:55:17.219+0000] {standard_task_runner.py:80} INFO - Job 238: Subtask pipeline
[2022-10-09T17:55:17.350+0000] {task_command.py:371} INFO - Running <TaskInstance: car_price_prediction.pipeline scheduled__2022-10-08T15:00:00+00:00 [running]> on host f44dc562fb9a
[2022-10-09T17:55:17.503+0000] {taskinstance.py:1583} INFO - Exporting the following env vars:
AIRFLOW_CTX_DAG_OWNER=***
AIRFLOW_CTX_DAG_ID=car_price_prediction
AIRFLOW_CTX_TASK_ID=pipeline
AIRFLOW_CTX_EXECUTION_DATE=2022-10-08T15:00:00+00:00
AIRFLOW_CTX_TRY_NUMBER=1
AIRFLOW_CTX_DAG_RUN_ID=scheduled__2022-10-08T15:00:00+00:00
[2022-10-09T17:55:19.504+0000] {pipeline.py:116} INFO - model: LogisticRegression, acc_mean: 0.7591, acc_std: 0.0075
[2022-10-09T17:55:43.600+0000] {pipeline.py:116} INFO - model: RandomForestClassifier, acc_mean: 0.7792, acc_std: 0.0051
[2022-10-09T17:56:02.284+0000] {pipeline.py:116} INFO - model: SVC, acc_mean: 0.7871, acc_std: 0.0042
[2022-10-09T17:56:02.284+0000] {pipeline.py:121} INFO - best model: SVC, accuracy: 0.7871
[2022-10-09T17:56:07.343+0000] {pipeline.py:129} INFO - Model is saved as /***_hw/data/models/cars_pipe_202210091756.pkl
[2022-10-09T17:56:07.349+0000] {python.py:173} INFO - Done. Returned value was: None
[2022-10-09T17:56:07.380+0000] {taskinstance.py:1412} INFO - Marking task as SUCCESS. dag_id=car_price_prediction, task_id=pipeline, execution_date=20221008T150000, start_date=20221009T175517, end_date=20221009T175607
[2022-10-09T17:56:07.465+0000] {local_task_job.py:156} INFO - Task exited with return code 0
[2022-10-09T17:56:07.533+0000] {local_task_job.py:279} INFO - 1 downstream tasks scheduled from follow-on schedule check
