[2022-10-09T18:03:32.502+0000] {taskinstance.py:1171} INFO - Dependencies all met for <TaskInstance: car_price_prediction.predict scheduled__2022-10-08T15:00:00+00:00 [queued]>
[2022-10-09T18:03:32.507+0000] {taskinstance.py:1171} INFO - Dependencies all met for <TaskInstance: car_price_prediction.predict scheduled__2022-10-08T15:00:00+00:00 [queued]>
[2022-10-09T18:03:32.507+0000] {taskinstance.py:1368} INFO - 
--------------------------------------------------------------------------------
[2022-10-09T18:03:32.508+0000] {taskinstance.py:1369} INFO - Starting attempt 2 of 2
[2022-10-09T18:03:32.508+0000] {taskinstance.py:1370} INFO - 
--------------------------------------------------------------------------------
[2022-10-09T18:03:32.515+0000] {taskinstance.py:1389} INFO - Executing <Task(PythonOperator): predict> on 2022-10-08 15:00:00+00:00
[2022-10-09T18:03:32.518+0000] {standard_task_runner.py:52} INFO - Started process 958 to run task
[2022-10-09T18:03:32.520+0000] {standard_task_runner.py:79} INFO - Running: ['***', 'tasks', 'run', 'car_price_prediction', 'predict', 'scheduled__2022-10-08T15:00:00+00:00', '--job-id', '377', '--raw', '--subdir', 'DAGS_FOLDER/hw_dag.py', '--cfg-path', '/tmp/tmpcnx0gk55', '--error-file', '/tmp/tmp1rsu350o']
[2022-10-09T18:03:32.520+0000] {standard_task_runner.py:80} INFO - Job 377: Subtask predict
[2022-10-09T18:03:32.550+0000] {task_command.py:371} INFO - Running <TaskInstance: car_price_prediction.predict scheduled__2022-10-08T15:00:00+00:00 [running]> on host f44dc562fb9a
[2022-10-09T18:03:32.593+0000] {taskinstance.py:1583} INFO - Exporting the following env vars:
AIRFLOW_CTX_DAG_OWNER=***
AIRFLOW_CTX_DAG_ID=car_price_prediction
AIRFLOW_CTX_TASK_ID=predict
AIRFLOW_CTX_EXECUTION_DATE=2022-10-08T15:00:00+00:00
AIRFLOW_CTX_TRY_NUMBER=2
AIRFLOW_CTX_DAG_RUN_ID=scheduled__2022-10-08T15:00:00+00:00
[2022-10-09T18:03:32.671+0000] {python.py:173} INFO - Done. Returned value was: 0
[2022-10-09T18:03:32.686+0000] {taskinstance.py:1412} INFO - Marking task as SUCCESS. dag_id=car_price_prediction, task_id=predict, execution_date=20221008T150000, start_date=20221009T180332, end_date=20221009T180332
[2022-10-09T18:03:32.732+0000] {local_task_job.py:156} INFO - Task exited with return code 0
[2022-10-09T18:03:32.748+0000] {local_task_job.py:279} INFO - 0 downstream tasks scheduled from follow-on schedule check
