[2022-10-09T18:02:30.814+0000] {taskinstance.py:1171} INFO - Dependencies all met for <TaskInstance: car_price_prediction.predict scheduled__2022-10-06T15:00:00+00:00 [queued]>
[2022-10-09T18:02:30.828+0000] {taskinstance.py:1171} INFO - Dependencies all met for <TaskInstance: car_price_prediction.predict scheduled__2022-10-06T15:00:00+00:00 [queued]>
[2022-10-09T18:02:30.829+0000] {taskinstance.py:1368} INFO - 
--------------------------------------------------------------------------------
[2022-10-09T18:02:30.837+0000] {taskinstance.py:1369} INFO - Starting attempt 1 of 2
[2022-10-09T18:02:30.838+0000] {taskinstance.py:1370} INFO - 
--------------------------------------------------------------------------------
[2022-10-09T18:02:30.874+0000] {taskinstance.py:1389} INFO - Executing <Task(PythonOperator): predict> on 2022-10-06 15:00:00+00:00
[2022-10-09T18:02:30.891+0000] {standard_task_runner.py:52} INFO - Started process 865 to run task
[2022-10-09T18:02:30.900+0000] {standard_task_runner.py:79} INFO - Running: ['***', 'tasks', 'run', 'car_price_prediction', 'predict', 'scheduled__2022-10-06T15:00:00+00:00', '--job-id', '360', '--raw', '--subdir', 'DAGS_FOLDER/hw_dag.py', '--cfg-path', '/tmp/tmp_cdaz5oc', '--error-file', '/tmp/tmp7vkc490l']
[2022-10-09T18:02:30.908+0000] {standard_task_runner.py:80} INFO - Job 360: Subtask predict
[2022-10-09T18:02:31.162+0000] {task_command.py:371} INFO - Running <TaskInstance: car_price_prediction.predict scheduled__2022-10-06T15:00:00+00:00 [running]> on host f44dc562fb9a
[2022-10-09T18:02:31.495+0000] {taskinstance.py:1583} INFO - Exporting the following env vars:
AIRFLOW_CTX_DAG_OWNER=***
AIRFLOW_CTX_DAG_ID=car_price_prediction
AIRFLOW_CTX_TASK_ID=predict
AIRFLOW_CTX_EXECUTION_DATE=2022-10-06T15:00:00+00:00
AIRFLOW_CTX_TRY_NUMBER=1
AIRFLOW_CTX_DAG_RUN_ID=scheduled__2022-10-06T15:00:00+00:00
[2022-10-09T18:02:31.830+0000] {python.py:173} INFO - Done. Returned value was: 0
[2022-10-09T18:02:31.902+0000] {taskinstance.py:1412} INFO - Marking task as SUCCESS. dag_id=car_price_prediction, task_id=predict, execution_date=20221006T150000, start_date=20221009T180230, end_date=20221009T180231
[2022-10-09T18:02:31.962+0000] {local_task_job.py:156} INFO - Task exited with return code 0
[2022-10-09T18:02:32.001+0000] {local_task_job.py:279} INFO - 0 downstream tasks scheduled from follow-on schedule check
